\BOOKMARK [0][-]{chapter.1}{\376\377\000I\000n\000t\000r\000o\000d\000u\000c\000c\000i\000\363\000n}{}% 1
\BOOKMARK [1][-]{section.1.1}{\376\377\000C\000o\000n\000t\000e\000x\000t\000o}{chapter.1}% 2
\BOOKMARK [1][-]{section.1.2}{\376\377\000G\000l\000o\000s\000a\000r\000i\000o}{chapter.1}% 3
\BOOKMARK [1][-]{section.1.3}{\376\377\000O\000b\000j\000e\000t\000i\000v\000o\000s}{chapter.1}% 4
\BOOKMARK [0][-]{chapter.2}{\376\377\000M\000a\000r\000c\000o\000\040\000t\000e\000\363\000r\000i\000c\000o}{}% 5
\BOOKMARK [1][-]{section.2.1}{\376\377\000R\000F\000C\000'\000s}{chapter.2}% 6
\BOOKMARK [2][-]{subsection.2.1.1}{\376\377\000R\000F\000C\000\040\0001\0000\0003\0004}{section.2.1}% 7
\BOOKMARK [2][-]{subsection.2.1.2}{\376\377\000R\000F\000C\000\040\0001\0000\0003\0005}{section.2.1}% 8
\BOOKMARK [2][-]{subsection.2.1.3}{\376\377\000R\000F\000C\000\040\0004\0000\0003\0003}{section.2.1}% 9
\BOOKMARK [2][-]{subsection.2.1.4}{\376\377\000R\000F\000C\000\040\0004\0000\0003\0004}{section.2.1}% 10
\BOOKMARK [1][-]{section.2.2}{\376\377\000E\000s\000t\000a\000d\000o\000\040\000d\000e\000l\000\040\000A\000r\000t\000e}{chapter.2}% 11
\BOOKMARK [2][-]{subsection.2.2.1}{\376\377\000I\000S\000C\000\040\000B\000I\000N\000D\000\040\000s\000e\000r\000v\000e\000r\000\040\000h\000e\000a\000p\000\040\000o\000v\000e\000r\000f\000l\000o\000w\000\040\000d\000e\000\040\0004\000\040\000b\000y\000t\000e\000s}{section.2.2}% 12
\BOOKMARK [2][-]{subsection.2.2.2}{\376\377\000V\000u\000l\000n\000e\000r\000a\000b\000i\000l\000i\000d\000a\000d\000e\000s\000\040\000e\000n\000\040\000D\000n\000s\000m\000a\000s\000q}{section.2.2}% 13
\BOOKMARK [2][-]{subsection.2.2.3}{\376\377\000P\000o\000r\000\040\000q\000u\000\351\000\040\000s\000e\000g\000u\000i\000r\000\040\000l\000o\000s\000\040\000R\000F\000C}{section.2.2}% 14
\BOOKMARK [2][-]{subsection.2.2.4}{\376\377\000O\000t\000r\000a\000s\000\040\000i\000m\000p\000l\000e\000m\000e\000n\000t\000a\000c\000i\000o\000n\000e\000s\000\040\000d\000e\000\040\000N\000a\000m\000e\000\040\000S\000e\000r\000v\000e\000r\000s\000\040\000e\000n\000\040\000R\000u\000s\000t}{section.2.2}% 15
\BOOKMARK [0][-]{chapter.3}{\376\377\000C\000o\000n\000n\000e\000c\000i\000o\000n\000e\000s\000\040\000U\000D\000P\000\040\000y\000\040\000T\000C\000P}{}% 16
\BOOKMARK [1][-]{section.3.1}{\376\377\000U\000D\000P}{chapter.3}% 17
\BOOKMARK [0][-]{chapter.4}{\376\377\000E\000s\000t\000r\000u\000c\000t\000u\000r\000a\000\040\000d\000e\000\040\000D\000a\000t\000o\000s}{}% 18
\BOOKMARK [0][-]{chapter.5}{\376\377\000A\000l\000g\000o\000r\000i\000t\000m\000o\000\040\000d\000e\000\040\000B\000\372\000s\000q\000u\000e\000d\000a}{}% 19
\BOOKMARK [0][-]{chapter.6}{\376\377\000E\000D\000N\000S\0000}{}% 20
\BOOKMARK [0][-]{chapter.7}{\376\377\000D\000N\000S\000S\000E\000C}{}% 21
\BOOKMARK [0][-]{chapter.8}{\376\377\000D\000i\000s\000c\000u\000s\000i\000o\000n\000e\000s}{}% 22
\BOOKMARK [0][-]{chapter.9}{\376\377\000C\000o\000n\000c\000l\000u\000s\000i\000o\000n\000e\000s}{}% 23
\BOOKMARK [0][-]{chapter*.13}{\376\377\000B\000i\000b\000l\000i\000o\000g\000r\000a\000f\000\355\000a}{}% 24
\BOOKMARK [0][-]{Appendix.1.Alph1}{\376\377\000A\000p\000\351\000n\000d\000i\000c\000e\000\040\000A\000n\000e\000x\000o}{}% 25
